<?xml version="1.0" encoding="UTF-8"?>
<testng-results skipped="0" failed="0" ignored="0" total="1" passed="1">
  <reporter-output>
  </reporter-output>
  <suite name="Default suite" duration-ms="40696" started-at="2019-06-28T16:12:32Z" finished-at="2019-06-28T16:13:13Z">
    <groups>
    </groups>
    <test name="Default test" duration-ms="40696" started-at="2019-06-28T16:12:32Z" finished-at="2019-06-28T16:13:13Z">
      <class name="testCases.HomePageTest">
        <test-method status="PASS" signature="OpenApplication()[pri:0, instance:testCases.HomePageTest@9629756]" name="OpenApplication" is-config="true" duration-ms="18386" started-at="2019-06-28T16:12:32Z" finished-at="2019-06-28T16:12:51Z">
          <reporter-output>
          </reporter-output>
        </test-method> <!-- OpenApplication -->
        <test-method status="PASS" signature="homePageTest()[pri:0, instance:testCases.HomePageTest@9629756]" name="homePageTest" duration-ms="20573" started-at="2019-06-28T16:12:51Z" finished-at="2019-06-28T16:13:11Z">
          <reporter-output>
          </reporter-output>
        </test-method> <!-- homePageTest -->
        <test-method status="PASS" signature="CloseApplication()[pri:0, instance:testCases.HomePageTest@9629756]" name="CloseApplication" is-config="true" duration-ms="1673" started-at="2019-06-28T16:13:11Z" finished-at="2019-06-28T16:13:13Z">
          <reporter-output>
          </reporter-output>
        </test-method> <!-- CloseApplication -->
      </class> <!-- testCases.HomePageTest -->
    </test> <!-- Default test -->
  </suite> <!-- Default suite -->
</testng-results>
